{
  "RSpec": {
    "coverage": {
      "/Users/appleyardr/RubymineProjects/parliament.uk-utilities/app/helpers/application_helper.rb": [
        1,
        null
      ],
      "/Users/appleyardr/RubymineProjects/parliament.uk-utilities/app/helpers/pagination_helper.rb": [
        1,
        1,
        306,
        null,
        null,
        1,
        13,
        null,
        null,
        1,
        25,
        1,
        24,
        22,
        null,
        2,
        null,
        null,
        null,
        1,
        11,
        null,
        null,
        1,
        11,
        null,
        null,
        1,
        1,
        null,
        null,
        1,
        101,
        null,
        null
      ],
      "/Users/appleyardr/RubymineProjects/parliament.uk-utilities/app/controllers/search_controller.rb": [
        1,
        null,
        1,
        null,
        15,
        15,
        null,
        0,
        null,
        null,
        15,
        null,
        null,
        15,
        null,
        null,
        13,
        13,
        13,
        13,
        13,
        null,
        13,
        null,
        null,
        null,
        13,
        13,
        13,
        113,
        null,
        13,
        null,
        13,
        0,
        0,
        0,
        null,
        null,
        null
      ],
      "/Users/appleyardr/RubymineProjects/parliament.uk-utilities/app/controllers/application_controller.rb": [
        1,
        1,
        null,
        1,
        null,
        1,
        1,
        null,
        1,
        null,
        1,
        null
      ]
    },
    "timestamp": 1499702841
  }
}
